0 info it worked if it ends with ok
1 verbose cli [ '/usr/local/bin/node',
1 verbose cli   '/usr/local/bin/npm',
1 verbose cli   'install',
1 verbose cli   'ewd-federator' ]
2 info using npm@1.4.28
3 info using node@v0.10.40
4 verbose cache add [ 'ewd-federator', null ]
5 verbose cache add name=undefined spec="ewd-federator" args=["ewd-federator",null]
6 verbose parsed url { protocol: null,
6 verbose parsed url   slashes: null,
6 verbose parsed url   auth: null,
6 verbose parsed url   host: null,
6 verbose parsed url   port: null,
6 verbose parsed url   hostname: null,
6 verbose parsed url   hash: null,
6 verbose parsed url   search: null,
6 verbose parsed url   query: null,
6 verbose parsed url   pathname: 'ewd-federator',
6 verbose parsed url   path: 'ewd-federator',
6 verbose parsed url   href: 'ewd-federator' }
7 silly lockFile 6bf7c0f9-ewd-federator ewd-federator
8 verbose lock ewd-federator /home/rtweed/.npm/6bf7c0f9-ewd-federator.lock
9 silly lockFile 6bf7c0f9-ewd-federator ewd-federator
10 silly lockFile 6bf7c0f9-ewd-federator ewd-federator
11 verbose addNamed [ 'ewd-federator', '' ]
12 verbose addNamed [ null, '*' ]
13 silly lockFile 2c960d1e-ewd-federator ewd-federator@
14 verbose lock ewd-federator@ /home/rtweed/.npm/2c960d1e-ewd-federator.lock
15 silly addNameRange { name: 'ewd-federator', range: '*', hasData: false }
16 verbose request where is /ewd-federator
17 verbose request registry https://registry.npmjs.org/
18 verbose request id 6b4cf79e6b118fd4
19 verbose url raw /ewd-federator
20 verbose url resolving [ 'https://registry.npmjs.org/', './ewd-federator' ]
21 verbose url resolved https://registry.npmjs.org/ewd-federator
22 verbose request where is https://registry.npmjs.org/ewd-federator
23 info trying registry request attempt 1 at 10:35:31
24 verbose etag "8P3LE99D0IQB6ZTU3Y3YTPD20"
25 http GET https://registry.npmjs.org/ewd-federator
26 http 304 https://registry.npmjs.org/ewd-federator
27 silly registry.get cb [ 304,
27 silly registry.get   { date: 'Thu, 23 Jul 2015 14:35:18 GMT',
27 silly registry.get     via: '1.1 varnish',
27 silly registry.get     'cache-control': 'max-age=60',
27 silly registry.get     etag: '"8P3LE99D0IQB6ZTU3Y3YTPD20"',
27 silly registry.get     age: '0',
27 silly registry.get     connection: 'keep-alive',
27 silly registry.get     'x-served-by': 'cache-jfk1022-JFK',
27 silly registry.get     'x-cache': 'MISS',
27 silly registry.get     'x-cache-hits': '0',
27 silly registry.get     'x-timer': 'S1437662118.124371,VS0,VE36',
27 silly registry.get     vary: 'Accept' } ]
28 verbose etag https://registry.npmjs.org/ewd-federator from cache
29 silly addNameRange number 2 { name: 'ewd-federator', range: '*', hasData: true }
30 silly addNameRange versions [ 'ewd-federator',
30 silly addNameRange   [ '0.1.0',
30 silly addNameRange     '0.2.0',
30 silly addNameRange     '0.2.1',
30 silly addNameRange     '0.2.2',
30 silly addNameRange     '0.3.0',
30 silly addNameRange     '0.4.0',
30 silly addNameRange     '0.4.1',
30 silly addNameRange     '0.4.2',
30 silly addNameRange     '0.6.0',
30 silly addNameRange     '0.7.0',
30 silly addNameRange     '0.9.0',
30 silly addNameRange     '0.10.0',
30 silly addNameRange     '0.11.0',
30 silly addNameRange     '0.11.1',
30 silly addNameRange     '0.11.2',
30 silly addNameRange     '0.12.0',
30 silly addNameRange     '0.12.1',
30 silly addNameRange     '0.13.0',
30 silly addNameRange     '0.13.1',
30 silly addNameRange     '0.14.0' ] ]
31 verbose addNamed [ 'ewd-federator', '0.14.0' ]
32 verbose addNamed [ '0.14.0', '0.14.0' ]
33 silly lockFile 694be288-ewd-federator-0-14-0 ewd-federator@0.14.0
34 verbose lock ewd-federator@0.14.0 /home/rtweed/.npm/694be288-ewd-federator-0-14-0.lock
35 silly lockFile 694be288-ewd-federator-0-14-0 ewd-federator@0.14.0
36 silly lockFile 694be288-ewd-federator-0-14-0 ewd-federator@0.14.0
37 silly lockFile 2c960d1e-ewd-federator ewd-federator@
38 silly lockFile 2c960d1e-ewd-federator ewd-federator@
39 silly resolved [ { name: 'ewd-federator',
39 silly resolved     description: 'Customisable REST-based Module for federation of WebService, REST and EWD.js systems',
39 silly resolved     version: '0.14.0',
39 silly resolved     author: { name: 'Rob Tweed', email: 'rtweed@mgateway.com' },
39 silly resolved     repository:
39 silly resolved      { type: 'git',
39 silly resolved        url: 'git://github.com/robtweed/ewd-federator.git' },
39 silly resolved     os: [ 'any' ],
39 silly resolved     directories: { lib: './lib/' },
39 silly resolved     main: './lib/ewdrest.js',
39 silly resolved     engines: { node: '>=0.2.2' },
39 silly resolved     dependencies:
39 silly resolved      { restify: '2.6.1',
39 silly resolved        ewdliteclient: '>=0.2.0',
39 silly resolved        globalsjs: '>=0.24.0' },
39 silly resolved     licenses: [ 'Apache' ],
39 silly resolved     bugs: { url: 'https://github.com/robtweed/ewd-federator/issues' },
39 silly resolved     homepage: 'https://github.com/robtweed/ewd-federator',
39 silly resolved     _id: 'ewd-federator@0.14.0',
39 silly resolved     dist:
39 silly resolved      { shasum: '99bb8a7b220fc7f09674b58c8739cc7d987aaa07',
39 silly resolved        tarball: 'http://registry.npmjs.org/ewd-federator/-/ewd-federator-0.14.0.tgz' },
39 silly resolved     _from: 'ewd-federator@',
39 silly resolved     _npmVersion: '1.4.3',
39 silly resolved     _npmUser: { name: 'robtweed', email: 'rtweed@mgateway.com' },
39 silly resolved     maintainers: [ [Object] ],
39 silly resolved     _shasum: '99bb8a7b220fc7f09674b58c8739cc7d987aaa07',
39 silly resolved     _resolved: 'https://registry.npmjs.org/ewd-federator/-/ewd-federator-0.14.0.tgz',
39 silly resolved     readme: 'ERROR: No README data found!' } ]
40 info install ewd-federator@0.14.0 into /opt/ewdjs
41 info installOne ewd-federator@0.14.0
42 verbose node_modules/ewd-federator unbuild
43 verbose tar unpack /home/rtweed/.npm/ewd-federator/0.14.0/package.tgz
44 silly lockFile 75ecbfb2-ewdjs-node-modules-ewd-federator tar:///opt/ewdjs/node_modules/ewd-federator
45 verbose lock tar:///opt/ewdjs/node_modules/ewd-federator /home/rtweed/.npm/75ecbfb2-ewdjs-node-modules-ewd-federator.lock
46 silly lockFile 7183c2ff-ewd-federator-0-14-0-package-tgz tar:///home/rtweed/.npm/ewd-federator/0.14.0/package.tgz
47 verbose lock tar:///home/rtweed/.npm/ewd-federator/0.14.0/package.tgz /home/rtweed/.npm/7183c2ff-ewd-federator-0-14-0-package-tgz.lock
48 silly gunzTarPerm modes [ '775', '664' ]
49 error Error: EACCES, mkdir '/opt/ewdjs/node_modules/ewd-federator'
49 error  { [Error: EACCES, mkdir '/opt/ewdjs/node_modules/ewd-federator']
49 error   errno: 3,
49 error   code: 'EACCES',
49 error   path: '/opt/ewdjs/node_modules/ewd-federator',
49 error   fstream_type: 'Directory',
49 error   fstream_path: '/opt/ewdjs/node_modules/ewd-federator',
49 error   fstream_class: 'DirWriter',
49 error   fstream_stack:
49 error    [ '/usr/local/lib/node_modules/npm/node_modules/fstream/lib/dir-writer.js:36:23',
49 error      '/usr/local/lib/node_modules/npm/node_modules/mkdirp/index.js:46:53',
49 error      'Object.oncomplete (fs.js:108:15)' ] }
50 error Please try running this command again as root/Administrator.
51 error System Linux 2.6.32-431.29.2.el6.x86_64
52 error command "/usr/local/bin/node" "/usr/local/bin/npm" "install" "ewd-federator"
53 error cwd /opt/ewdjs
54 error node -v v0.10.40
55 error npm -v 1.4.28
56 error path /opt/ewdjs/node_modules/ewd-federator
57 error fstream_path /opt/ewdjs/node_modules/ewd-federator
58 error fstream_type Directory
59 error fstream_class DirWriter
60 error code EACCES
61 error errno 3
62 error stack Error: EACCES, mkdir '/opt/ewdjs/node_modules/ewd-federator'
63 error fstream_stack /usr/local/lib/node_modules/npm/node_modules/fstream/lib/dir-writer.js:36:23
63 error fstream_stack /usr/local/lib/node_modules/npm/node_modules/mkdirp/index.js:46:53
63 error fstream_stack Object.oncomplete (fs.js:108:15)
64 verbose exit [ 3, true ]
